[INFO] Scanning for projects...
[INFO] 
[INFO] --------------------------< com.example:demo >--------------------------
[INFO] Building demo 0.0.1-SNAPSHOT
[INFO]   from pom.xml
[INFO] --------------------------------[ jar ]---------------------------------
[INFO] 
[INFO] >>> spring-boot:3.2.6:run (default-cli) > test-compile @ demo >>>
[INFO] 
[INFO] --- resources:3.3.1:resources (default-resources) @ demo ---
[INFO] Copying 1 resource from src\main\resources to target\classes
[INFO] Copying 2 resources from src\main\resources to target\classes
[INFO] 
[INFO] --- compiler:3.11.0:compile (default-compile) @ demo ---
[INFO] Changes detected - recompiling the module! :source
[INFO] Compiling 35 source files with javac [debug release 17] to target\classes
[INFO] Annotation processing is enabled because one or more processors were found
  on the class path. A future release of javac may disable annotation processing
  unless at least one processor is specified by name (-processor), or a search
  path is specified (--processor-path, --processor-module-path), or annotation
  processing is enabled explicitly (-proc:only, -proc:full).
  Use -Xlint:-options to suppress this message.
  Use -proc:none to disable annotation processing.
[INFO] 
[INFO] --- resources:3.3.1:testResources (default-testResources) @ demo ---
[INFO] Copying 1 resource from src\test\resources to target\test-classes
[INFO] 
[INFO] --- compiler:3.11.0:testCompile (default-testCompile) @ demo ---
[INFO] Changes detected - recompiling the module! :dependency
[INFO] Compiling 10 source files with javac [debug release 17] to target\test-classes
[INFO] Annotation processing is enabled because one or more processors were found
  on the class path. A future release of javac may disable annotation processing
  unless at least one processor is specified by name (-processor), or a search
  path is specified (--processor-path, --processor-module-path), or annotation
  processing is enabled explicitly (-proc:only, -proc:full).
  Use -Xlint:-options to suppress this message.
  Use -proc:none to disable annotation processing.
[INFO] 
[INFO] <<< spring-boot:3.2.6:run (default-cli) < test-compile @ demo <<<
[INFO] 
[INFO] 
[INFO] --- spring-boot:3.2.6:run (default-cli) @ demo ---
[INFO] Attaching agents: []

  .   ____          _            __ _ _
 /\\ / ___'_ __ _ _(_)_ __  __ _ \ \ \ \
( ( )\___ | '_ | '_| | '_ \/ _` | \ \ \ \
 \\/  ___)| |_)| | | | | || (_| |  ) ) ) )
  '  |____| .__|_| |_|_| |_\__, | / / / /
 =========|_|==============|___/=/_/_/_/
 :: Spring Boot ::                (v3.2.6)

2026-04-20T11:37:57.931+09:00  INFO 16348 --- [           main] com.example.demo.DemoApplication         : Starting DemoApplication using Java 22.0.1 with PID 16348 (F:\日本電子\sunseer_java練習\0406\demo\target\classes started by User in F:\日本電子\sunseer_java練習\0406\demo)
2026-04-20T11:37:57.932+09:00  INFO 16348 --- [           main] com.example.demo.DemoApplication         : No active profile set, falling back to 1 default profile: "default"
2026-04-20T11:37:58.678+09:00  INFO 16348 --- [           main] o.s.b.w.embedded.tomcat.TomcatWebServer  : Tomcat initialized with port 8080 (http)
2026-04-20T11:37:58.686+09:00  INFO 16348 --- [           main] o.apache.catalina.core.StandardService   : Starting service [Tomcat]
2026-04-20T11:37:58.686+09:00  INFO 16348 --- [           main] o.apache.catalina.core.StandardEngine    : Starting Servlet engine: [Apache Tomcat/10.1.24]
2026-04-20T11:37:58.724+09:00  INFO 16348 --- [           main] o.a.c.c.C.[Tomcat].[localhost].[/]       : Initializing Spring embedded WebApplicationContext
2026-04-20T11:37:58.725+09:00  INFO 16348 --- [           main] w.s.c.ServletWebServerApplicationContext : Root WebApplicationContext: initialization completed in 757 ms
2026-04-20T11:37:58.853+09:00  INFO 16348 --- [           main] com.zaxxer.hikari.HikariDataSource       : HikariPool-1 - Starting...
2026-04-20T11:37:58.963+09:00  INFO 16348 --- [           main] com.zaxxer.hikari.pool.HikariPool        : HikariPool-1 - Added connection com.mysql.cj.jdbc.ConnectionImpl@629a9f26
2026-04-20T11:37:58.964+09:00  INFO 16348 --- [           main] com.zaxxer.hikari.HikariDataSource       : HikariPool-1 - Start completed.
2026-04-20T11:37:59.262+09:00  WARN 16348 --- [           main] .s.s.UserDetailsServiceAutoConfiguration : 

Using generated security password: da473085-8cdb-4c0a-800c-433a3874310d

This generated password is for development use only. Your security configuration must be updated before running your application in production.

2026-04-20T11:37:59.438+09:00  INFO 16348 --- [           main] o.s.s.web.DefaultSecurityFilterChain     : Will secure any request with [org.springframework.security.web.session.DisableEncodeUrlFilter@6615237, org.springframework.security.web.context.request.async.WebAsyncManagerIntegrationFilter@eaf8427, org.springframework.security.web.context.SecurityContextHolderFilter@7f12094d, org.springframework.security.web.header.HeaderWriterFilter@76a6f045, org.springframework.web.filter.CorsFilter@4bf4680c, org.springframework.security.web.authentication.logout.LogoutFilter@1132baa3, com.example.demo.security.BearerTokenAuthenticationFilter@4b76aa5a, org.springframework.security.web.authentication.www.BasicAuthenticationFilter@2b44605c, org.springframework.security.web.savedrequest.RequestCacheAwareFilter@200d1a3d, org.springframework.security.web.servletapi.SecurityContextHolderAwareRequestFilter@7de147e9, org.springframework.security.web.authentication.AnonymousAuthenticationFilter@6d6039df, org.springframework.security.web.session.SessionManagementFilter@935d3f9, org.springframework.security.web.access.ExceptionTranslationFilter@307af381, org.springframework.security.web.access.intercept.AuthorizationFilter@5fb8dc01]
2026-04-20T11:37:59.578+09:00  INFO 16348 --- [           main] o.s.b.w.embedded.tomcat.TomcatWebServer  : Tomcat started on port 8080 (http) with context path ''
2026-04-20T11:37:59.584+09:00  INFO 16348 --- [           main] com.example.demo.DemoApplication         : Started DemoApplication in 1.986 seconds (process running for 2.215)
2026-04-20T11:37:59.886+09:00  INFO 16348 --- [nio-8080-exec-1] o.a.c.c.C.[Tomcat].[localhost].[/]       : Initializing Spring DispatcherServlet 'dispatcherServlet'
2026-04-20T11:37:59.886+09:00  INFO 16348 --- [nio-8080-exec-1] o.s.web.servlet.DispatcherServlet        : Initializing Servlet 'dispatcherServlet'
2026-04-20T11:37:59.887+09:00  INFO 16348 --- [nio-8080-exec-1] o.s.web.servlet.DispatcherServlet        : Completed initialization in 0 ms
[INFO] ------------------------------------------------------------------------
[INFO] BUILD FAILURE
[INFO] ------------------------------------------------------------------------
[INFO] Total time:  07:13 h
[INFO] Finished at: 2026-04-20T18:51:46+09:00
[INFO] ------------------------------------------------------------------------
[ERROR] Failed to execute goal org.springframework.boot:spring-boot-maven-plugin:3.2.6:run (default-cli) on project demo: Process terminated with exit code: -1 -> [Help 1]
[ERROR] 
[ERROR] To see the full stack trace of the errors, re-run Maven with the -e switch.
[ERROR] Re-run Maven using the -X switch to enable full debug logging.
[ERROR] 
[ERROR] For more information about the errors and possible solutions, please read the following articles:
[ERROR] [Help 1] http://cwiki.apache.org/confluence/display/MAVEN/MojoExecutionException
