
  .   ____          _            __ _ _
 /\\ / ___'_ __ _ _(_)_ __  __ _ \ \ \ \
( ( )\___ | '_ | '_| | '_ \/ _` | \ \ \ \
 \\/  ___)| |_)| | | | | || (_| |  ) ) ) )
  '  |____| .__|_| |_|_| |_\__, | / / / /
 =========|_|==============|___/=/_/_/_/
 :: Spring Boot ::                (v3.2.6)

2026-04-22T10:34:22.014+09:00  INFO 8728 --- [           main] com.example.demo.DemoApplication         : Starting DemoApplication v0.0.1-SNAPSHOT using Java 22.0.1 with PID 8728 (F:\日本電子\sunseer_java練習\0406\demo\target\demo-0.0.1-SNAPSHOT.jar started by User in F:\日本電子\sunseer_java練習\0406\demo)
2026-04-22T10:34:22.017+09:00  INFO 8728 --- [           main] com.example.demo.DemoApplication         : No active profile set, falling back to 1 default profile: "default"
2026-04-22T10:34:23.328+09:00  INFO 8728 --- [           main] o.s.b.w.embedded.tomcat.TomcatWebServer  : Tomcat initialized with port 8080 (http)
2026-04-22T10:34:23.339+09:00  INFO 8728 --- [           main] o.apache.catalina.core.StandardService   : Starting service [Tomcat]
2026-04-22T10:34:23.340+09:00  INFO 8728 --- [           main] o.apache.catalina.core.StandardEngine    : Starting Servlet engine: [Apache Tomcat/10.1.24]
2026-04-22T10:34:23.367+09:00  INFO 8728 --- [           main] o.a.c.c.C.[Tomcat].[localhost].[/]       : Initializing Spring embedded WebApplicationContext
2026-04-22T10:34:23.369+09:00  INFO 8728 --- [           main] w.s.c.ServletWebServerApplicationContext : Root WebApplicationContext: initialization completed in 1287 ms
2026-04-22T10:34:23.667+09:00  INFO 8728 --- [           main] com.zaxxer.hikari.HikariDataSource       : HikariPool-1 - Starting...
2026-04-22T10:34:23.913+09:00  INFO 8728 --- [           main] com.zaxxer.hikari.pool.HikariPool        : HikariPool-1 - Added connection com.mysql.cj.jdbc.ConnectionImpl@6a950a3b
2026-04-22T10:34:23.915+09:00  INFO 8728 --- [           main] com.zaxxer.hikari.HikariDataSource       : HikariPool-1 - Start completed.
2026-04-22T10:34:27.435+09:00  WARN 8728 --- [           main] .s.s.UserDetailsServiceAutoConfiguration : 

Using generated security password: 5c1df51d-16c3-4cdb-8760-33f5268e6108

This generated password is for development use only. Your security configuration must be updated before running your application in production.

2026-04-22T10:34:27.868+09:00  INFO 8728 --- [           main] o.s.s.web.DefaultSecurityFilterChain     : Will secure any request with [org.springframework.security.web.session.DisableEncodeUrlFilter@37c2f0b4, org.springframework.security.web.context.request.async.WebAsyncManagerIntegrationFilter@35dcd032, org.springframework.security.web.context.SecurityContextHolderFilter@2084e65a, org.springframework.security.web.header.HeaderWriterFilter@2b682e9, org.springframework.web.filter.CorsFilter@4522d793, org.springframework.security.web.authentication.logout.LogoutFilter@7bec8cb0, com.example.demo.security.BearerTokenAuthenticationFilter@3664f108, org.springframework.security.web.authentication.www.BasicAuthenticationFilter@52ca0ad4, org.springframework.security.web.savedrequest.RequestCacheAwareFilter@21527b8, org.springframework.security.web.servletapi.SecurityContextHolderAwareRequestFilter@7cc1f72c, org.springframework.security.web.authentication.AnonymousAuthenticationFilter@64dfb31d, org.springframework.security.web.session.SessionManagementFilter@8b670c0, org.springframework.security.web.access.ExceptionTranslationFilter@baa227e, org.springframework.security.web.access.intercept.AuthorizationFilter@7e848aea]
2026-04-22T10:34:28.145+09:00  INFO 8728 --- [           main] o.s.b.w.embedded.tomcat.TomcatWebServer  : Tomcat started on port 8080 (http) with context path ''
2026-04-22T10:34:28.156+09:00  INFO 8728 --- [           main] com.example.demo.DemoApplication         : Started DemoApplication in 6.624 seconds (process running for 7.154)
